[03-Jun-2025 23:56:36 Europe/Berlin] Product ID: apple-airtag -- RAW 'in_stock' from DB: 1 -- Converted to BOOLEAN and set to key 'inStock': true
[03-Jun-2025 23:56:38 Europe/Berlin] Product ID: apple-airtag -- RAW 'in_stock' from DB: 1 -- Converted to BOOLEAN and set to key 'inStock': true
[03-Jun-2025 23:56:38 Europe/Berlin] Product ID: apple-imac-2021 -- RAW 'in_stock' from DB: 1 -- Converted to BOOLEAN and set to key 'inStock': true
[03-Jun-2025 23:56:42 Europe/Berlin] Product ID: apple-airpods-pro -- RAW 'in_stock' from DB: 0 -- Converted to BOOLEAN and set to key 'inStock': false
[03-Jun-2025 23:56:42 Europe/Berlin] Product ID: apple-airtag -- RAW 'in_stock' from DB: 1 -- Converted to BOOLEAN and set to key 'inStock': true
[03-Jun-2025 23:56:42 Europe/Berlin] Product ID: apple-imac-2021 -- RAW 'in_stock' from DB: 1 -- Converted to BOOLEAN and set to key 'inStock': true
[03-Jun-2025 23:56:42 Europe/Berlin] Product ID: apple-iphone-12-pro -- RAW 'in_stock' from DB: 1 -- Converted to BOOLEAN and set to key 'inStock': true
[03-Jun-2025 23:56:42 Europe/Berlin] Product ID: huarache-x-stussy-le -- RAW 'in_stock' from DB: 1 -- Converted to BOOLEAN and set to key 'inStock': true
[03-Jun-2025 23:56:42 Europe/Berlin] Product ID: jacket-canada-goosee -- RAW 'in_stock' from DB: 1 -- Converted to BOOLEAN and set to key 'inStock': true
[03-Jun-2025 23:56:42 Europe/Berlin] Product ID: ps-5 -- RAW 'in_stock' from DB: 1 -- Converted to BOOLEAN and set to key 'inStock': true
[03-Jun-2025 23:56:42 Europe/Berlin] Product ID: xbox-series-s -- RAW 'in_stock' from DB: 0 -- Converted to BOOLEAN and set to key 'inStock': false
[03-Jun-2025 23:56:46 Europe/Berlin] Product ID: huarache-x-stussy-le -- RAW 'in_stock' from DB: 1 -- Converted to BOOLEAN and set to key 'inStock': true
[03-Jun-2025 23:56:46 Europe/Berlin] Product ID: jacket-canada-goosee -- RAW 'in_stock' from DB: 1 -- Converted to BOOLEAN and set to key 'inStock': true
[03-Jun-2025 23:56:46 Europe/Berlin] Product ID: apple-airpods-pro -- RAW 'in_stock' from DB: 0 -- Converted to BOOLEAN and set to key 'inStock': false
[03-Jun-2025 23:56:46 Europe/Berlin] Product ID: apple-airtag -- RAW 'in_stock' from DB: 1 -- Converted to BOOLEAN and set to key 'inStock': true
[03-Jun-2025 23:56:46 Europe/Berlin] Product ID: apple-imac-2021 -- RAW 'in_stock' from DB: 1 -- Converted to BOOLEAN and set to key 'inStock': true
[03-Jun-2025 23:56:46 Europe/Berlin] Product ID: apple-iphone-12-pro -- RAW 'in_stock' from DB: 1 -- Converted to BOOLEAN and set to key 'inStock': true
[03-Jun-2025 23:56:46 Europe/Berlin] Product ID: ps-5 -- RAW 'in_stock' from DB: 1 -- Converted to BOOLEAN and set to key 'inStock': true
[03-Jun-2025 23:56:46 Europe/Berlin] Product ID: xbox-series-s -- RAW 'in_stock' from DB: 0 -- Converted to BOOLEAN and set to key 'inStock': false
[03-Jun-2025 23:57:05 Europe/Berlin] Product ID: apple-airpods-pro -- RAW 'in_stock' from DB: 0 -- Converted to BOOLEAN and set to key 'inStock': false
[03-Jun-2025 23:57:05 Europe/Berlin] Product ID: apple-airtag -- RAW 'in_stock' from DB: 1 -- Converted to BOOLEAN and set to key 'inStock': true
[03-Jun-2025 23:57:05 Europe/Berlin] Product ID: apple-imac-2021 -- RAW 'in_stock' from DB: 1 -- Converted to BOOLEAN and set to key 'inStock': true
[03-Jun-2025 23:57:05 Europe/Berlin] Product ID: apple-iphone-12-pro -- RAW 'in_stock' from DB: 1 -- Converted to BOOLEAN and set to key 'inStock': true
[03-Jun-2025 23:57:05 Europe/Berlin] Product ID: huarache-x-stussy-le -- RAW 'in_stock' from DB: 1 -- Converted to BOOLEAN and set to key 'inStock': true
[03-Jun-2025 23:57:05 Europe/Berlin] Product ID: jacket-canada-goosee -- RAW 'in_stock' from DB: 1 -- Converted to BOOLEAN and set to key 'inStock': true
[03-Jun-2025 23:57:05 Europe/Berlin] Product ID: ps-5 -- RAW 'in_stock' from DB: 1 -- Converted to BOOLEAN and set to key 'inStock': true
[03-Jun-2025 23:57:05 Europe/Berlin] Product ID: xbox-series-s -- RAW 'in_stock' from DB: 0 -- Converted to BOOLEAN and set to key 'inStock': false
[03-Jun-2025 23:57:14 Europe/Berlin] Product ID: apple-airpods-pro -- RAW 'in_stock' from DB: 0 -- Converted to BOOLEAN and set to key 'inStock': false
[03-Jun-2025 23:57:14 Europe/Berlin] Product ID: apple-airtag -- RAW 'in_stock' from DB: 1 -- Converted to BOOLEAN and set to key 'inStock': true
[03-Jun-2025 23:57:14 Europe/Berlin] Product ID: apple-imac-2021 -- RAW 'in_stock' from DB: 1 -- Converted to BOOLEAN and set to key 'inStock': true
[03-Jun-2025 23:57:14 Europe/Berlin] Product ID: apple-iphone-12-pro -- RAW 'in_stock' from DB: 1 -- Converted to BOOLEAN and set to key 'inStock': true
[03-Jun-2025 23:57:14 Europe/Berlin] Product ID: huarache-x-stussy-le -- RAW 'in_stock' from DB: 1 -- Converted to BOOLEAN and set to key 'inStock': true
[03-Jun-2025 23:57:14 Europe/Berlin] Product ID: jacket-canada-goosee -- RAW 'in_stock' from DB: 1 -- Converted to BOOLEAN and set to key 'inStock': true
[03-Jun-2025 23:57:14 Europe/Berlin] Product ID: ps-5 -- RAW 'in_stock' from DB: 1 -- Converted to BOOLEAN and set to key 'inStock': true
[03-Jun-2025 23:57:14 Europe/Berlin] Product ID: xbox-series-s -- RAW 'in_stock' from DB: 0 -- Converted to BOOLEAN and set to key 'inStock': false
[04-Jun-2025 15:54:19 Europe/Berlin] Product ID: apple-airpods-pro -- RAW 'in_stock' from DB: 0 -- Converted to BOOLEAN and set to key 'inStock': false
[04-Jun-2025 15:54:19 Europe/Berlin] Product ID: apple-airtag -- RAW 'in_stock' from DB: 1 -- Converted to BOOLEAN and set to key 'inStock': true
[04-Jun-2025 15:54:19 Europe/Berlin] Product ID: apple-imac-2021 -- RAW 'in_stock' from DB: 1 -- Converted to BOOLEAN and set to key 'inStock': true
[04-Jun-2025 15:54:19 Europe/Berlin] Product ID: apple-iphone-12-pro -- RAW 'in_stock' from DB: 1 -- Converted to BOOLEAN and set to key 'inStock': true
[04-Jun-2025 15:54:19 Europe/Berlin] Product ID: huarache-x-stussy-le -- RAW 'in_stock' from DB: 1 -- Converted to BOOLEAN and set to key 'inStock': true
[04-Jun-2025 15:54:19 Europe/Berlin] Product ID: jacket-canada-goosee -- RAW 'in_stock' from DB: 1 -- Converted to BOOLEAN and set to key 'inStock': true
[04-Jun-2025 15:54:19 Europe/Berlin] Product ID: ps-5 -- RAW 'in_stock' from DB: 1 -- Converted to BOOLEAN and set to key 'inStock': true
[04-Jun-2025 15:54:19 Europe/Berlin] Product ID: xbox-series-s -- RAW 'in_stock' from DB: 0 -- Converted to BOOLEAN and set to key 'inStock': false
[15-Jun-2025 22:53:09 Europe/Berlin] Product ID: apple-airpods-pro -- RAW 'in_stock' from DB: 0 -- Converted to BOOLEAN and set to key 'inStock': false
[15-Jun-2025 22:53:09 Europe/Berlin] Product ID: apple-airtag -- RAW 'in_stock' from DB: 1 -- Converted to BOOLEAN and set to key 'inStock': true
[15-Jun-2025 22:53:09 Europe/Berlin] Product ID: apple-imac-2021 -- RAW 'in_stock' from DB: 1 -- Converted to BOOLEAN and set to key 'inStock': true
[15-Jun-2025 22:53:09 Europe/Berlin] Product ID: apple-iphone-12-pro -- RAW 'in_stock' from DB: 1 -- Converted to BOOLEAN and set to key 'inStock': true
[15-Jun-2025 22:53:09 Europe/Berlin] Product ID: huarache-x-stussy-le -- RAW 'in_stock' from DB: 1 -- Converted to BOOLEAN and set to key 'inStock': true
[15-Jun-2025 22:53:09 Europe/Berlin] Product ID: jacket-canada-goosee -- RAW 'in_stock' from DB: 1 -- Converted to BOOLEAN and set to key 'inStock': true
[15-Jun-2025 22:53:09 Europe/Berlin] Product ID: ps-5 -- RAW 'in_stock' from DB: 1 -- Converted to BOOLEAN and set to key 'inStock': true
[15-Jun-2025 22:53:09 Europe/Berlin] Product ID: xbox-series-s -- RAW 'in_stock' from DB: 0 -- Converted to BOOLEAN and set to key 'inStock': false
[15-Jun-2025 22:53:24 Europe/Berlin] Product ID: huarache-x-stussy-le -- RAW 'in_stock' from DB: 1 -- Converted to BOOLEAN and set to key 'inStock': true
[15-Jun-2025 22:53:24 Europe/Berlin] Product ID: jacket-canada-goosee -- RAW 'in_stock' from DB: 1 -- Converted to BOOLEAN and set to key 'inStock': true
[15-Jun-2025 22:53:25 Europe/Berlin] Product ID: apple-airpods-pro -- RAW 'in_stock' from DB: 0 -- Converted to BOOLEAN and set to key 'inStock': false
[15-Jun-2025 22:53:25 Europe/Berlin] Product ID: apple-airtag -- RAW 'in_stock' from DB: 1 -- Converted to BOOLEAN and set to key 'inStock': true
[15-Jun-2025 22:53:25 Europe/Berlin] Product ID: apple-imac-2021 -- RAW 'in_stock' from DB: 1 -- Converted to BOOLEAN and set to key 'inStock': true
[15-Jun-2025 22:53:25 Europe/Berlin] Product ID: apple-iphone-12-pro -- RAW 'in_stock' from DB: 1 -- Converted to BOOLEAN and set to key 'inStock': true
[15-Jun-2025 22:53:25 Europe/Berlin] Product ID: ps-5 -- RAW 'in_stock' from DB: 1 -- Converted to BOOLEAN and set to key 'inStock': true
[15-Jun-2025 22:53:25 Europe/Berlin] Product ID: xbox-series-s -- RAW 'in_stock' from DB: 0 -- Converted to BOOLEAN and set to key 'inStock': false
[15-Jun-2025 22:55:11 Europe/Berlin] Product ID: apple-imac-2021 -- RAW 'in_stock' from DB: 1 -- Converted to BOOLEAN and set to key 'inStock': true
[15-Jun-2025 22:55:11 Europe/Berlin] Product ID: apple-airtag -- RAW 'in_stock' from DB: 1 -- Converted to BOOLEAN and set to key 'inStock': true
[15-Jun-2025 23:03:57 Europe/Berlin] Product ID: apple-airtag -- RAW 'in_stock' from DB: 1 -- Converted to BOOLEAN and set to key 'inStock': true
[15-Jun-2025 23:04:02 Europe/Berlin] Product ID: huarache-x-stussy-le -- RAW 'in_stock' from DB: 1 -- Converted to BOOLEAN and set to key 'inStock': true
[15-Jun-2025 23:09:20 Europe/Berlin] Product ID: huarache-x-stussy-le -- RAW 'in_stock' from DB: 1 -- Converted to BOOLEAN and set to key 'inStock': true
[15-Jun-2025 23:09:21 Europe/Berlin] Product ID: apple-airpods-pro -- RAW 'in_stock' from DB: 0 -- Converted to BOOLEAN and set to key 'inStock': false
[15-Jun-2025 23:09:21 Europe/Berlin] Product ID: apple-airtag -- RAW 'in_stock' from DB: 1 -- Converted to BOOLEAN and set to key 'inStock': true
[15-Jun-2025 23:09:21 Europe/Berlin] Product ID: apple-imac-2021 -- RAW 'in_stock' from DB: 1 -- Converted to BOOLEAN and set to key 'inStock': true
[15-Jun-2025 23:09:21 Europe/Berlin] Product ID: apple-iphone-12-pro -- RAW 'in_stock' from DB: 1 -- Converted to BOOLEAN and set to key 'inStock': true
[15-Jun-2025 23:09:21 Europe/Berlin] Product ID: huarache-x-stussy-le -- RAW 'in_stock' from DB: 1 -- Converted to BOOLEAN and set to key 'inStock': true
[15-Jun-2025 23:09:21 Europe/Berlin] Product ID: jacket-canada-goosee -- RAW 'in_stock' from DB: 1 -- Converted to BOOLEAN and set to key 'inStock': true
[15-Jun-2025 23:09:21 Europe/Berlin] Product ID: ps-5 -- RAW 'in_stock' from DB: 1 -- Converted to BOOLEAN and set to key 'inStock': true
[15-Jun-2025 23:09:21 Europe/Berlin] Product ID: xbox-series-s -- RAW 'in_stock' from DB: 0 -- Converted to BOOLEAN and set to key 'inStock': false
[15-Jun-2025 23:10:53 Europe/Berlin] Product ID: apple-airpods-pro -- RAW 'in_stock' from DB: 0 -- Converted to BOOLEAN and set to key 'inStock': false
[15-Jun-2025 23:10:53 Europe/Berlin] Product ID: apple-airtag -- RAW 'in_stock' from DB: 1 -- Converted to BOOLEAN and set to key 'inStock': true
[15-Jun-2025 23:10:53 Europe/Berlin] Product ID: apple-imac-2021 -- RAW 'in_stock' from DB: 1 -- Converted to BOOLEAN and set to key 'inStock': true
[15-Jun-2025 23:10:53 Europe/Berlin] Product ID: apple-iphone-12-pro -- RAW 'in_stock' from DB: 1 -- Converted to BOOLEAN and set to key 'inStock': true
[15-Jun-2025 23:10:53 Europe/Berlin] Product ID: huarache-x-stussy-le -- RAW 'in_stock' from DB: 1 -- Converted to BOOLEAN and set to key 'inStock': true
[15-Jun-2025 23:10:53 Europe/Berlin] Product ID: jacket-canada-goosee -- RAW 'in_stock' from DB: 1 -- Converted to BOOLEAN and set to key 'inStock': true
[15-Jun-2025 23:10:53 Europe/Berlin] Product ID: ps-5 -- RAW 'in_stock' from DB: 1 -- Converted to BOOLEAN and set to key 'inStock': true
[15-Jun-2025 23:10:53 Europe/Berlin] Product ID: xbox-series-s -- RAW 'in_stock' from DB: 0 -- Converted to BOOLEAN and set to key 'inStock': false
[15-Jun-2025 23:12:58 Europe/Berlin] Product ID: huarache-x-stussy-le -- RAW 'in_stock' from DB: 1 -- Converted to BOOLEAN and set to key 'inStock': true
[15-Jun-2025 23:12:58 Europe/Berlin] Product ID: jacket-canada-goosee -- RAW 'in_stock' from DB: 1 -- Converted to BOOLEAN and set to key 'inStock': true
[15-Jun-2025 23:13:12 Europe/Berlin] Product ID: apple-airpods-pro -- RAW 'in_stock' from DB: 0 -- Converted to BOOLEAN and set to key 'inStock': false
[15-Jun-2025 23:13:12 Europe/Berlin] Product ID: apple-airtag -- RAW 'in_stock' from DB: 1 -- Converted to BOOLEAN and set to key 'inStock': true
[15-Jun-2025 23:13:12 Europe/Berlin] Product ID: apple-imac-2021 -- RAW 'in_stock' from DB: 1 -- Converted to BOOLEAN and set to key 'inStock': true
[15-Jun-2025 23:13:12 Europe/Berlin] Product ID: apple-iphone-12-pro -- RAW 'in_stock' from DB: 1 -- Converted to BOOLEAN and set to key 'inStock': true
[15-Jun-2025 23:13:12 Europe/Berlin] Product ID: ps-5 -- RAW 'in_stock' from DB: 1 -- Converted to BOOLEAN and set to key 'inStock': true
[15-Jun-2025 23:13:12 Europe/Berlin] Product ID: xbox-series-s -- RAW 'in_stock' from DB: 0 -- Converted to BOOLEAN and set to key 'inStock': false
[15-Jun-2025 23:16:23 Europe/Berlin] Product ID: huarache-x-stussy-le -- RAW 'in_stock' from DB: 1 -- Converted to BOOLEAN and set to key 'inStock': true
[15-Jun-2025 23:16:23 Europe/Berlin] Product ID: jacket-canada-goosee -- RAW 'in_stock' from DB: 1 -- Converted to BOOLEAN and set to key 'inStock': true
[15-Jun-2025 23:16:28 Europe/Berlin] Product ID: huarache-x-stussy-le -- RAW 'in_stock' from DB: 1 -- Converted to BOOLEAN and set to key 'inStock': true
[15-Jun-2025 23:16:28 Europe/Berlin] Product ID: jacket-canada-goosee -- RAW 'in_stock' from DB: 1 -- Converted to BOOLEAN and set to key 'inStock': true
[15-Jun-2025 23:17:44 Europe/Berlin] Product ID: huarache-x-stussy-le -- RAW 'in_stock' from DB: 1 -- Converted to BOOLEAN and set to key 'inStock': true
[15-Jun-2025 23:17:44 Europe/Berlin] Product ID: jacket-canada-goosee -- RAW 'in_stock' from DB: 1 -- Converted to BOOLEAN and set to key 'inStock': true
[15-Jun-2025 23:40:08 Europe/Berlin] Product ID: huarache-x-stussy-le -- RAW 'in_stock' from DB: 1 -- Converted to BOOLEAN and set to key 'inStock': true
[15-Jun-2025 23:40:08 Europe/Berlin] Product ID: jacket-canada-goosee -- RAW 'in_stock' from DB: 1 -- Converted to BOOLEAN and set to key 'inStock': true
[15-Jun-2025 23:40:38 Europe/Berlin] Product ID: apple-airpods-pro -- RAW 'in_stock' from DB: 0 -- Converted to BOOLEAN and set to key 'inStock': false
[15-Jun-2025 23:40:38 Europe/Berlin] Product ID: apple-airtag -- RAW 'in_stock' from DB: 1 -- Converted to BOOLEAN and set to key 'inStock': true
[15-Jun-2025 23:40:38 Europe/Berlin] Product ID: apple-imac-2021 -- RAW 'in_stock' from DB: 1 -- Converted to BOOLEAN and set to key 'inStock': true
[15-Jun-2025 23:40:38 Europe/Berlin] Product ID: apple-iphone-12-pro -- RAW 'in_stock' from DB: 1 -- Converted to BOOLEAN and set to key 'inStock': true
[15-Jun-2025 23:40:38 Europe/Berlin] Product ID: ps-5 -- RAW 'in_stock' from DB: 1 -- Converted to BOOLEAN and set to key 'inStock': true
[15-Jun-2025 23:40:38 Europe/Berlin] Product ID: xbox-series-s -- RAW 'in_stock' from DB: 0 -- Converted to BOOLEAN and set to key 'inStock': false
[15-Jun-2025 23:45:08 Europe/Berlin] Product ID: jacket-canada-goosee -- RAW 'in_stock' from DB: 1 -- Converted to BOOLEAN and set to key 'inStock': true
[15-Jun-2025 23:45:08 Europe/Berlin] Product ID: huarache-x-stussy-le -- RAW 'in_stock' from DB: 1 -- Converted to BOOLEAN and set to key 'inStock': true
[15-Jun-2025 23:45:08 Europe/Berlin] Product ID: apple-airtag -- RAW 'in_stock' from DB: 1 -- Converted to BOOLEAN and set to key 'inStock': true
[15-Jun-2025 23:45:10 Europe/Berlin] Product ID: apple-airtag -- RAW 'in_stock' from DB: 1 -- Converted to BOOLEAN and set to key 'inStock': true
[15-Jun-2025 23:49:19 Europe/Berlin] Product ID: apple-airpods-pro -- RAW 'in_stock' from DB: 0 -- Converted to BOOLEAN and set to key 'inStock': false
[15-Jun-2025 23:49:19 Europe/Berlin] Product ID: apple-airtag -- RAW 'in_stock' from DB: 1 -- Converted to BOOLEAN and set to key 'inStock': true
[15-Jun-2025 23:49:19 Europe/Berlin] Product ID: apple-imac-2021 -- RAW 'in_stock' from DB: 1 -- Converted to BOOLEAN and set to key 'inStock': true
[15-Jun-2025 23:49:19 Europe/Berlin] Product ID: apple-iphone-12-pro -- RAW 'in_stock' from DB: 1 -- Converted to BOOLEAN and set to key 'inStock': true
[15-Jun-2025 23:49:19 Europe/Berlin] Product ID: huarache-x-stussy-le -- RAW 'in_stock' from DB: 1 -- Converted to BOOLEAN and set to key 'inStock': true
[15-Jun-2025 23:49:19 Europe/Berlin] Product ID: jacket-canada-goosee -- RAW 'in_stock' from DB: 1 -- Converted to BOOLEAN and set to key 'inStock': true
[15-Jun-2025 23:49:19 Europe/Berlin] Product ID: ps-5 -- RAW 'in_stock' from DB: 1 -- Converted to BOOLEAN and set to key 'inStock': true
[15-Jun-2025 23:49:19 Europe/Berlin] Product ID: xbox-series-s -- RAW 'in_stock' from DB: 0 -- Converted to BOOLEAN and set to key 'inStock': false
[15-Jun-2025 23:50:06 Europe/Berlin] Product ID: apple-airpods-pro -- RAW 'in_stock' from DB: 0 -- Converted to BOOLEAN and set to key 'inStock': false
[15-Jun-2025 23:50:06 Europe/Berlin] Product ID: apple-airtag -- RAW 'in_stock' from DB: 1 -- Converted to BOOLEAN and set to key 'inStock': true
[15-Jun-2025 23:50:06 Europe/Berlin] Product ID: apple-imac-2021 -- RAW 'in_stock' from DB: 1 -- Converted to BOOLEAN and set to key 'inStock': true
[15-Jun-2025 23:50:06 Europe/Berlin] Product ID: apple-iphone-12-pro -- RAW 'in_stock' from DB: 1 -- Converted to BOOLEAN and set to key 'inStock': true
[15-Jun-2025 23:50:06 Europe/Berlin] Product ID: huarache-x-stussy-le -- RAW 'in_stock' from DB: 1 -- Converted to BOOLEAN and set to key 'inStock': true
[15-Jun-2025 23:50:06 Europe/Berlin] Product ID: jacket-canada-goosee -- RAW 'in_stock' from DB: 1 -- Converted to BOOLEAN and set to key 'inStock': true
[15-Jun-2025 23:50:06 Europe/Berlin] Product ID: ps-5 -- RAW 'in_stock' from DB: 1 -- Converted to BOOLEAN and set to key 'inStock': true
[15-Jun-2025 23:50:06 Europe/Berlin] Product ID: xbox-series-s -- RAW 'in_stock' from DB: 0 -- Converted to BOOLEAN and set to key 'inStock': false
[15-Jun-2025 23:50:20 Europe/Berlin] Product ID: apple-iphone-12-pro -- RAW 'in_stock' from DB: 1 -- Converted to BOOLEAN and set to key 'inStock': true
[15-Jun-2025 23:50:27 Europe/Berlin] Product ID: apple-airtag -- RAW 'in_stock' from DB: 1 -- Converted to BOOLEAN and set to key 'inStock': true
[15-Jun-2025 23:50:58 Europe/Berlin] Product ID: apple-imac-2021 -- RAW 'in_stock' from DB: 1 -- Converted to BOOLEAN and set to key 'inStock': true
[15-Jun-2025 23:55:14 Europe/Berlin] Product ID: apple-airpods-pro -- RAW 'in_stock' from DB: 0 -- Converted to BOOLEAN and set to key 'inStock': false
[15-Jun-2025 23:55:20 Europe/Berlin] Product ID: huarache-x-stussy-le -- RAW 'in_stock' from DB: 1 -- Converted to BOOLEAN and set to key 'inStock': true
[15-Jun-2025 23:55:20 Europe/Berlin] Product ID: jacket-canada-goosee -- RAW 'in_stock' from DB: 1 -- Converted to BOOLEAN and set to key 'inStock': true
[15-Jun-2025 23:55:21 Europe/Berlin] Product ID: jacket-canada-goosee -- RAW 'in_stock' from DB: 1 -- Converted to BOOLEAN and set to key 'inStock': true
